0 info it worked if it ends with ok
1 verbose cli [ '/usr/local/bin/node',
1 verbose cli   '/usr/local/bin/npm',
1 verbose cli   'run',
1 verbose cli   'bin/documentation-bleno.js',
1 verbose cli   'build',
1 verbose cli   'sample.js',
1 verbose cli   '-f',
1 verbose cli   'md' ]
2 info using npm@3.10.8
3 info using node@v6.9.1
4 warn using --force I sure hope you know what you are doing.
5 verbose stack Error: missing script: bin/documentation-bleno.js
5 verbose stack     at run (/usr/local/lib/node_modules/npm/lib/run-script.js:151:19)
5 verbose stack     at /usr/local/lib/node_modules/npm/lib/run-script.js:61:5
5 verbose stack     at /usr/local/lib/node_modules/npm/node_modules/read-package-json/read-json.js:356:5
5 verbose stack     at handleExists (/usr/local/lib/node_modules/npm/node_modules/read-package-json/read-json.js:329:20)
5 verbose stack     at FSReqWrap.cb [as oncomplete] (fs.js:257:19)
6 verbose cwd /Users/user/Sites/documentation-bleno
7 error Darwin 15.5.0
8 error argv "/usr/local/bin/node" "/usr/local/bin/npm" "run" "bin/documentation-bleno.js" "build" "sample.js" "-f" "md"
9 error node v6.9.1
10 error npm  v3.10.8
11 error missing script: bin/documentation-bleno.js
12 error If you need help, you may report this error at:
12 error     <https://github.com/npm/npm/issues>
13 verbose exit [ 1, true ]
